<?xml version="1.0" encoding="UTF-8"?>
<testng-results ignored="5" total="6" passed="1" failed="0" skipped="0">
  <reporter-output>
  </reporter-output>
  <suite started-at="2023-10-04T18:38:52Z" name="Default suite" finished-at="2023-10-04T18:39:11Z" duration-ms="18993">
    <groups>
    </groups>
    <test started-at="2023-10-04T18:38:52Z" name="Default test" finished-at="2023-10-04T18:39:11Z" duration-ms="18993">
      <class name="Testcases.Test1">
        <test-method signature="test1()[pri:1, instance:Testcases.Test1@1fa1cab1]" started-at="2023-10-04T18:38:52Z" name="test1" finished-at="2023-10-04T18:39:11Z" duration-ms="18963" status="PASS">
          <reporter-output>
          </reporter-output>
        </test-method> <!-- test1 -->
      </class> <!-- Testcases.Test1 -->
    </test> <!-- Default test -->
  </suite> <!-- Default suite -->
</testng-results>
